[2025-02-21T22:22:46.446] [ERROR] error - ReferenceError: ctx is not defined
    at D:\projects\manager-server\app.js:31:3
    at dispatch (D:\projects\manager-server\node_modules\koa\node_modules\koa-compose\index.js:42:32)
    at views (D:\projects\manager-server\node_modules\koa-views\src\index.js:91:12)
    at dispatch (D:\projects\manager-server\node_modules\koa\node_modules\koa-compose\index.js:42:32)
    at serve (D:\projects\manager-server\node_modules\koa-static\index.js:53:15)
    at async logger (D:\projects\manager-server\node_modules\koa-logger\index.js:67:7)
    at async bodyParser (D:\projects\manager-server\node_modules\koa-bodyparser\index.js:78:5)
[2025-02-21T22:22:50.128] [ERROR] error - ReferenceError: ctx is not defined
    at D:\projects\manager-server\app.js:31:3
    at dispatch (D:\projects\manager-server\node_modules\koa\node_modules\koa-compose\index.js:42:32)
    at views (D:\projects\manager-server\node_modules\koa-views\src\index.js:91:12)
    at dispatch (D:\projects\manager-server\node_modules\koa\node_modules\koa-compose\index.js:42:32)
    at serve (D:\projects\manager-server\node_modules\koa-static\index.js:53:15)
    at async logger (D:\projects\manager-server\node_modules\koa-logger\index.js:67:7)
    at async bodyParser (D:\projects\manager-server\node_modules\koa-bodyparser\index.js:78:5)
[2025-02-21T22:24:00.782] [ERROR] error - ReferenceError: ctx is not defined
    at D:\projects\manager-server\app.js:31:3
    at dispatch (D:\projects\manager-server\node_modules\koa\node_modules\koa-compose\index.js:42:32)
    at views (D:\projects\manager-server\node_modules\koa-views\src\index.js:91:12)
    at dispatch (D:\projects\manager-server\node_modules\koa\node_modules\koa-compose\index.js:42:32)
    at serve (D:\projects\manager-server\node_modules\koa-static\index.js:53:15)
    at async logger (D:\projects\manager-server\node_modules\koa-logger\index.js:67:7)
    at async bodyParser (D:\projects\manager-server\node_modules\koa-bodyparser\index.js:78:5)
[2025-02-21T22:24:04.173] [ERROR] error - ReferenceError: ctx is not defined
    at D:\projects\manager-server\app.js:31:3
    at dispatch (D:\projects\manager-server\node_modules\koa\node_modules\koa-compose\index.js:42:32)
    at views (D:\projects\manager-server\node_modules\koa-views\src\index.js:91:12)
    at dispatch (D:\projects\manager-server\node_modules\koa\node_modules\koa-compose\index.js:42:32)
    at serve (D:\projects\manager-server\node_modules\koa-static\index.js:53:15)
    at async logger (D:\projects\manager-server\node_modules\koa-logger\index.js:67:7)
    at async bodyParser (D:\projects\manager-server\node_modules\koa-bodyparser\index.js:78:5)
[2025-02-21T22:25:48.441] [ERROR] error - ReferenceError: ctx is not defined
    at D:\projects\manager-server\app.js:31:3
    at dispatch (D:\projects\manager-server\node_modules\koa\node_modules\koa-compose\index.js:42:32)
    at views (D:\projects\manager-server\node_modules\koa-views\src\index.js:91:12)
    at dispatch (D:\projects\manager-server\node_modules\koa\node_modules\koa-compose\index.js:42:32)
    at serve (D:\projects\manager-server\node_modules\koa-static\index.js:53:15)
    at async logger (D:\projects\manager-server\node_modules\koa-logger\index.js:67:7)
    at async bodyParser (D:\projects\manager-server\node_modules\koa-bodyparser\index.js:78:5)
[2025-02-21T22:29:51.884] [ERROR] error - ReferenceError: ctx is not defined
    at D:\projects\manager-server\app.js:31:3
    at dispatch (D:\projects\manager-server\node_modules\koa\node_modules\koa-compose\index.js:42:32)
    at views (D:\projects\manager-server\node_modules\koa-views\src\index.js:91:12)
    at dispatch (D:\projects\manager-server\node_modules\koa\node_modules\koa-compose\index.js:42:32)
    at serve (D:\projects\manager-server\node_modules\koa-static\index.js:53:15)
    at async logger (D:\projects\manager-server\node_modules\koa-logger\index.js:67:7)
    at async bodyParser (D:\projects\manager-server\node_modules\koa-bodyparser\index.js:78:5)
